mode: atomic
bitbucket.lab.dynatrace.org/pfi/dtp-tools/v2/config/clusters_definition.go:39.75,42.35 2 7
bitbucket.lab.dynatrace.org/pfi/dtp-tools/v2/config/clusters_definition.go:42.35,43.107 1 12
bitbucket.lab.dynatrace.org/pfi/dtp-tools/v2/config/clusters_definition.go:43.107,48.18 4 9
bitbucket.lab.dynatrace.org/pfi/dtp-tools/v2/config/clusters_definition.go:48.18,50.5 1 1
bitbucket.lab.dynatrace.org/pfi/dtp-tools/v2/config/clusters_definition.go:51.4,53.18 3 8
bitbucket.lab.dynatrace.org/pfi/dtp-tools/v2/config/clusters_definition.go:53.18,55.5 1 0
bitbucket.lab.dynatrace.org/pfi/dtp-tools/v2/config/clusters_definition.go:57.4,57.40 1 8
bitbucket.lab.dynatrace.org/pfi/dtp-tools/v2/config/clusters_definition.go:61.2,61.22 1 6
bitbucket.lab.dynatrace.org/pfi/dtp-tools/v2/config/clusters_definition.go:64.41,65.47 1 8
bitbucket.lab.dynatrace.org/pfi/dtp-tools/v2/config/clusters_definition.go:65.47,67.3 1 0
bitbucket.lab.dynatrace.org/pfi/dtp-tools/v2/config/clusters_definition.go:68.2,68.43 1 8
bitbucket.lab.dynatrace.org/pfi/dtp-tools/v2/config/clusters_definition.go:68.43,70.3 1 0
bitbucket.lab.dynatrace.org/pfi/dtp-tools/v2/config/clusters_definition.go:71.2,71.47 1 8
bitbucket.lab.dynatrace.org/pfi/dtp-tools/v2/config/clusters_definition.go:71.47,73.3 1 0
bitbucket.lab.dynatrace.org/pfi/dtp-tools/v2/config/clusters_definition.go:74.2,74.43 1 8
bitbucket.lab.dynatrace.org/pfi/dtp-tools/v2/config/clusters_definition.go:74.43,76.3 1 0
bitbucket.lab.dynatrace.org/pfi/dtp-tools/v2/config/clusters_definition.go:77.2,77.68 1 8
bitbucket.lab.dynatrace.org/pfi/dtp-tools/v2/config/clusters_definition.go:77.68,79.3 1 0
bitbucket.lab.dynatrace.org/pfi/dtp-tools/v2/config/clusters_definition.go:80.2,80.12 1 8
bitbucket.lab.dynatrace.org/pfi/dtp-tools/v2/config/fallback.go:13.41,17.2 1 10
bitbucket.lab.dynatrace.org/pfi/dtp-tools/v2/config/fallback.go:19.105,21.16 2 4
bitbucket.lab.dynatrace.org/pfi/dtp-tools/v2/config/fallback.go:21.16,23.3 1 0
bitbucket.lab.dynatrace.org/pfi/dtp-tools/v2/config/fallback.go:25.2,26.12 2 4
bitbucket.lab.dynatrace.org/pfi/dtp-tools/v2/config/fallback.go:26.12,28.3 1 1
bitbucket.lab.dynatrace.org/pfi/dtp-tools/v2/config/fallback.go:30.2,41.29 3 3
bitbucket.lab.dynatrace.org/pfi/dtp-tools/v2/config/fallback.go:44.176,45.45 1 4
bitbucket.lab.dynatrace.org/pfi/dtp-tools/v2/config/fallback.go:45.45,46.73 1 32
bitbucket.lab.dynatrace.org/pfi/dtp-tools/v2/config/fallback.go:46.73,47.52 1 4
bitbucket.lab.dynatrace.org/pfi/dtp-tools/v2/config/fallback.go:47.52,48.47 1 9
bitbucket.lab.dynatrace.org/pfi/dtp-tools/v2/config/fallback.go:48.47,50.6 1 3
bitbucket.lab.dynatrace.org/pfi/dtp-tools/v2/config/fallback.go:55.2,55.55 1 1
bitbucket.lab.dynatrace.org/pfi/dtp-tools/v2/config/fallback.go:58.127,61.54 2 3
bitbucket.lab.dynatrace.org/pfi/dtp-tools/v2/config/fallback.go:61.54,62.181 1 294
bitbucket.lab.dynatrace.org/pfi/dtp-tools/v2/config/fallback.go:62.181,71.4 3 2
bitbucket.lab.dynatrace.org/pfi/dtp-tools/v2/config/fallback.go:74.2,74.25 1 3
bitbucket.lab.dynatrace.org/pfi/dtp-tools/v2/config/fallback.go:77.126,79.54 2 2
bitbucket.lab.dynatrace.org/pfi/dtp-tools/v2/config/fallback.go:79.54,81.181 1 196
bitbucket.lab.dynatrace.org/pfi/dtp-tools/v2/config/fallback.go:81.181,82.57 1 194
bitbucket.lab.dynatrace.org/pfi/dtp-tools/v2/config/fallback.go:82.57,83.41 1 564
bitbucket.lab.dynatrace.org/pfi/dtp-tools/v2/config/fallback.go:83.41,90.6 2 1
bitbucket.lab.dynatrace.org/pfi/dtp-tools/v2/config/fallback.go:95.2,95.17 1 2
bitbucket.lab.dynatrace.org/pfi/dtp-tools/v2/config/identifier.go:27.86,35.2 5 10
bitbucket.lab.dynatrace.org/pfi/dtp-tools/v2/config/identifier.go:68.96,69.59 1 15
bitbucket.lab.dynatrace.org/pfi/dtp-tools/v2/config/identifier.go:69.59,71.3 1 15
bitbucket.lab.dynatrace.org/pfi/dtp-tools/v2/config/identifier.go:72.2,72.53 1 0
bitbucket.lab.dynatrace.org/pfi/dtp-tools/v2/config/identifier.go:83.46,85.2 1 1
bitbucket.lab.dynatrace.org/pfi/dtp-tools/v2/config/identifier.go:102.119,104.18 2 20
bitbucket.lab.dynatrace.org/pfi/dtp-tools/v2/config/identifier.go:104.18,106.3 1 6
bitbucket.lab.dynatrace.org/pfi/dtp-tools/v2/config/identifier.go:107.2,110.34 3 14
bitbucket.lab.dynatrace.org/pfi/dtp-tools/v2/config/identifier.go:110.34,111.27 1 71
bitbucket.lab.dynatrace.org/pfi/dtp-tools/v2/config/identifier.go:111.27,112.33 1 57
bitbucket.lab.dynatrace.org/pfi/dtp-tools/v2/config/identifier.go:112.33,114.13 2 14
bitbucket.lab.dynatrace.org/pfi/dtp-tools/v2/config/identifier.go:116.4,116.50 1 43
bitbucket.lab.dynatrace.org/pfi/dtp-tools/v2/config/identifier.go:120.2,120.36 1 14
bitbucket.lab.dynatrace.org/pfi/dtp-tools/v2/config/identifier.go:123.51,125.2 1 0
bitbucket.lab.dynatrace.org/pfi/dtp-tools/v2/config/provider.go:55.59,56.28 1 0
bitbucket.lab.dynatrace.org/pfi/dtp-tools/v2/config/provider.go:56.28,58.3 1 0
bitbucket.lab.dynatrace.org/pfi/dtp-tools/v2/config/provider.go:63.101,70.27 2 10
bitbucket.lab.dynatrace.org/pfi/dtp-tools/v2/config/provider.go:70.27,72.3 1 0
bitbucket.lab.dynatrace.org/pfi/dtp-tools/v2/config/provider.go:74.2,74.10 1 10
bitbucket.lab.dynatrace.org/pfi/dtp-tools/v2/config/provider.go:83.125,84.44 1 12
bitbucket.lab.dynatrace.org/pfi/dtp-tools/v2/config/provider.go:84.44,86.3 1 0
bitbucket.lab.dynatrace.org/pfi/dtp-tools/v2/config/provider.go:88.2,98.16 4 12
bitbucket.lab.dynatrace.org/pfi/dtp-tools/v2/config/provider.go:98.16,102.3 2 4
bitbucket.lab.dynatrace.org/pfi/dtp-tools/v2/config/provider.go:104.2,108.16 5 8
bitbucket.lab.dynatrace.org/pfi/dtp-tools/v2/config/provider.go:108.16,116.3 1 0
bitbucket.lab.dynatrace.org/pfi/dtp-tools/v2/config/provider.go:118.2,127.26 2 8
bitbucket.lab.dynatrace.org/pfi/dtp-tools/v2/config/provider.go:135.112,136.44 1 3
bitbucket.lab.dynatrace.org/pfi/dtp-tools/v2/config/provider.go:136.44,138.3 1 0
bitbucket.lab.dynatrace.org/pfi/dtp-tools/v2/config/provider.go:141.2,142.16 2 3
bitbucket.lab.dynatrace.org/pfi/dtp-tools/v2/config/provider.go:142.16,144.3 1 0
bitbucket.lab.dynatrace.org/pfi/dtp-tools/v2/config/provider.go:147.2,148.16 2 3
bitbucket.lab.dynatrace.org/pfi/dtp-tools/v2/config/provider.go:148.16,150.3 1 0
bitbucket.lab.dynatrace.org/pfi/dtp-tools/v2/config/provider.go:151.2,152.16 2 3
bitbucket.lab.dynatrace.org/pfi/dtp-tools/v2/config/provider.go:152.16,154.3 1 0
bitbucket.lab.dynatrace.org/pfi/dtp-tools/v2/config/provider.go:157.2,157.62 1 3
bitbucket.lab.dynatrace.org/pfi/dtp-tools/v2/config/provider.go:161.55,165.2 1 0
bitbucket.lab.dynatrace.org/pfi/dtp-tools/v2/config/provider.go:168.87,171.2 1 0
bitbucket.lab.dynatrace.org/pfi/dtp-tools/v2/config/provider.go:193.44,194.47 1 15
bitbucket.lab.dynatrace.org/pfi/dtp-tools/v2/config/provider.go:194.47,196.3 1 0
bitbucket.lab.dynatrace.org/pfi/dtp-tools/v2/config/provider.go:197.2,197.22 1 15
bitbucket.lab.dynatrace.org/pfi/dtp-tools/v2/config/provider.go:197.22,199.3 1 0
bitbucket.lab.dynatrace.org/pfi/dtp-tools/v2/config/provider.go:200.2,200.24 1 15
bitbucket.lab.dynatrace.org/pfi/dtp-tools/v2/config/provider.go:200.24,202.3 1 0
bitbucket.lab.dynatrace.org/pfi/dtp-tools/v2/config/provider.go:204.2,204.12 1 15
bitbucket.lab.dynatrace.org/pfi/dtp-tools/v2/config/provider.go:214.25,216.19 1 5
bitbucket.lab.dynatrace.org/pfi/dtp-tools/v2/config/provider.go:216.19,218.3 1 0
bitbucket.lab.dynatrace.org/pfi/dtp-tools/v2/config/provider.go:220.2,221.16 2 5
bitbucket.lab.dynatrace.org/pfi/dtp-tools/v2/config/provider.go:221.16,223.3 1 0
bitbucket.lab.dynatrace.org/pfi/dtp-tools/v2/config/provider.go:225.2,226.32 2 5
bitbucket.lab.dynatrace.org/pfi/dtp-tools/v2/config/provider.go:226.32,232.24 2 8
bitbucket.lab.dynatrace.org/pfi/dtp-tools/v2/config/provider.go:232.24,234.18 2 6
bitbucket.lab.dynatrace.org/pfi/dtp-tools/v2/config/provider.go:234.18,236.5 1 0
bitbucket.lab.dynatrace.org/pfi/dtp-tools/v2/config/provider.go:237.4,237.32 1 6
bitbucket.lab.dynatrace.org/pfi/dtp-tools/v2/config/provider.go:238.9,240.18 2 2
bitbucket.lab.dynatrace.org/pfi/dtp-tools/v2/config/provider.go:240.18,242.5 1 0
bitbucket.lab.dynatrace.org/pfi/dtp-tools/v2/config/provider.go:243.4,243.38 1 2
bitbucket.lab.dynatrace.org/pfi/dtp-tools/v2/config/provider.go:245.3,245.36 1 8
bitbucket.lab.dynatrace.org/pfi/dtp-tools/v2/config/provider.go:248.2,248.19 1 5
bitbucket.lab.dynatrace.org/pfi/dtp-tools/v2/config/state_repo_folder.go:73.59,76.43 2 8
bitbucket.lab.dynatrace.org/pfi/dtp-tools/v2/config/state_repo_folder.go:76.43,78.46 1 8
bitbucket.lab.dynatrace.org/pfi/dtp-tools/v2/config/state_repo_folder.go:78.46,79.52 1 10
bitbucket.lab.dynatrace.org/pfi/dtp-tools/v2/config/state_repo_folder.go:79.52,87.5 2 6
bitbucket.lab.dynatrace.org/pfi/dtp-tools/v2/config/state_repo_folder.go:91.2,91.25 1 8
bitbucket.lab.dynatrace.org/pfi/dtp-tools/v2/config/state_repo_folder.go:94.80,96.54 2 6
bitbucket.lab.dynatrace.org/pfi/dtp-tools/v2/config/state_repo_folder.go:96.54,99.3 2 3
bitbucket.lab.dynatrace.org/pfi/dtp-tools/v2/config/state_repo_folder.go:101.2,101.17 1 6
bitbucket.lab.dynatrace.org/pfi/dtp-tools/v2/config/state_repo_folder.go:104.97,108.47 3 3
bitbucket.lab.dynatrace.org/pfi/dtp-tools/v2/config/state_repo_folder.go:108.47,109.36 1 6
bitbucket.lab.dynatrace.org/pfi/dtp-tools/v2/config/state_repo_folder.go:109.36,118.4 2 5
bitbucket.lab.dynatrace.org/pfi/dtp-tools/v2/config/state_repo_folder.go:121.2,121.17 1 3
bitbucket.lab.dynatrace.org/pfi/dtp-tools/v2/config/state_repo_folder.go:124.84,125.31 1 3
bitbucket.lab.dynatrace.org/pfi/dtp-tools/v2/config/state_repo_folder.go:126.32,127.38 1 1
bitbucket.lab.dynatrace.org/pfi/dtp-tools/v2/config/state_repo_folder.go:127.38,127.104 1 3
bitbucket.lab.dynatrace.org/pfi/dtp-tools/v2/config/state_repo_folder.go:128.30,129.38 1 2
bitbucket.lab.dynatrace.org/pfi/dtp-tools/v2/config/state_repo_folder.go:129.38,129.104 1 3
bitbucket.lab.dynatrace.org/pfi/dtp-tools/v2/config/state_repo_folder.go:130.10,131.38 1 0
bitbucket.lab.dynatrace.org/pfi/dtp-tools/v2/config/state_repo_folder.go:131.38,131.54 1 0
